c:\users\axiom\desktop\nightmaresurvival(final)\nightmaresurvival\release\vc140.pdb
c:\users\axiom\desktop\nightmaresurvival(final)\nightmaresurvival\release\itemsfactory.obj
c:\users\axiom\desktop\nightmaresurvival(final)\nightmaresurvival\release\inventorymanager.obj
c:\users\axiom\desktop\nightmaresurvival(final)\nightmaresurvival\release\finalwave.obj
c:\users\axiom\desktop\nightmaresurvival(final)\nightmaresurvival\release\enemymanagement.obj
c:\users\axiom\desktop\nightmaresurvival(final)\nightmaresurvival\release\enemies.obj
c:\users\axiom\desktop\nightmaresurvival(final)\nightmaresurvival\release\demon.obj
c:\users\axiom\desktop\nightmaresurvival(final)\nightmaresurvival\release\cycleweapons.obj
c:\users\axiom\desktop\nightmaresurvival(final)\nightmaresurvival\release\weaponmanager.obj
c:\users\axiom\desktop\nightmaresurvival(final)\nightmaresurvival\release\upgrademanager.obj
c:\users\axiom\desktop\nightmaresurvival(final)\nightmaresurvival\release\healthmanager.obj
c:\users\axiom\desktop\nightmaresurvival(final)\nightmaresurvival\release\firstaidstrategy.obj
c:\users\axiom\desktop\nightmaresurvival(final)\nightmaresurvival\release\cursormanager.obj
c:\users\axiom\desktop\nightmaresurvival(final)\nightmaresurvival\release\currentwave.obj
c:\users\axiom\desktop\nightmaresurvival(final)\nightmaresurvival\release\bullets.obj
c:\users\axiom\desktop\nightmaresurvival(final)\nightmaresurvival\release\bulletmanager.obj
c:\users\axiom\desktop\nightmaresurvival(final)\nightmaresurvival\release\boss.obj
c:\users\axiom\desktop\nightmaresurvival(final)\nightmaresurvival\release\bordermanagement.obj
c:\users\axiom\desktop\nightmaresurvival(final)\nightmaresurvival\release\armorstrategy.obj
c:\users\axiom\desktop\nightmaresurvival(final)\nightmaresurvival\release\armormanager.obj
c:\users\axiom\desktop\nightmaresurvival(final)\nightmaresurvival\release\ammostrategy.obj
c:\users\axiom\desktop\nightmaresurvival(final)\nightmaresurvival\release\weaponsfactory.obj
c:\users\axiom\desktop\nightmaresurvival(final)\nightmaresurvival\release\wavemanager.obj
c:\users\axiom\desktop\nightmaresurvival(final)\nightmaresurvival\release\walletmediator.obj
c:\users\axiom\desktop\nightmaresurvival(final)\nightmaresurvival\release\wallet.obj
c:\users\axiom\desktop\nightmaresurvival(final)\nightmaresurvival\release\vendor.obj
c:\users\axiom\desktop\nightmaresurvival(final)\nightmaresurvival\release\vampire.obj
c:\users\axiom\desktop\nightmaresurvival(final)\nightmaresurvival\release\upgradefactory.obj
c:\users\axiom\desktop\nightmaresurvival(final)\nightmaresurvival\release\dots.obj
c:\users\axiom\desktop\nightmaresurvival(final)\nightmaresurvival\release\border.obj
c:\users\axiom\desktop\nightmaresurvival(final)\nightmaresurvival\release\skeleton.obj
c:\users\axiom\desktop\nightmaresurvival(final)\nightmaresurvival\release\shotgunbullet.obj
c:\users\axiom\desktop\nightmaresurvival(final)\nightmaresurvival\release\rocket.obj
c:\users\axiom\desktop\nightmaresurvival(final)\nightmaresurvival\release\player.obj
c:\users\axiom\desktop\nightmaresurvival(final)\nightmaresurvival\release\pistolbullet.obj
c:\users\axiom\desktop\nightmaresurvival(final)\nightmaresurvival\release\objectpool.obj
c:\users\axiom\desktop\nightmaresurvival(final)\nightmaresurvival\release\main.obj
c:\users\axiom\desktop\nightmaresurvival(final)\nightmaresurvival\release\calculatemove.obj
c:\users\axiom\desktop\nightmaresurvival(final)\nightmaresurvival\release\spawn.obj
c:\users\axiom\desktop\nightmaresurvival(final)\nightmaresurvival\release\randomwave.obj
c:\users\axiom\desktop\nightmaresurvival(final)\nightmaresurvival\release\mediator.obj
c:\users\axiom\desktop\nightmaresurvival(final)\nightmaresurvival\release\world.obj
c:\users\axiom\desktop\nightmaresurvival(final)\release\nightmaresurvival.exe
c:\users\axiom\desktop\nightmaresurvival(final)\release\nightmaresurvival.ipdb
c:\users\axiom\desktop\nightmaresurvival(final)\release\nightmaresurvival.iobj
c:\users\axiom\desktop\nightmaresurvival(final)\release\nightmaresurvival.pdb
c:\users\axiom\desktop\nightmaresurvival(final)\nightmaresurvival\release\nightmar.57be991f.tlog\cl.command.1.tlog
c:\users\axiom\desktop\nightmaresurvival(final)\nightmaresurvival\release\nightmar.57be991f.tlog\cl.read.1.tlog
c:\users\axiom\desktop\nightmaresurvival(final)\nightmaresurvival\release\nightmar.57be991f.tlog\cl.write.1.tlog
c:\users\axiom\desktop\nightmaresurvival(final)\nightmaresurvival\release\nightmar.57be991f.tlog\link.command.1.tlog
c:\users\axiom\desktop\nightmaresurvival(final)\nightmaresurvival\release\nightmar.57be991f.tlog\link.read.1.tlog
c:\users\axiom\desktop\nightmaresurvival(final)\nightmaresurvival\release\nightmar.57be991f.tlog\link.write.1.tlog
