c:\users\axiom\desktop\nightmaresurvival(final)\nightmaresurvival\debug\vc140.pdb
c:\users\axiom\desktop\nightmaresurvival(final)\nightmaresurvival\debug\vc140.idb
c:\users\axiom\desktop\nightmaresurvival(final)\nightmaresurvival\debug\randomwave.obj
c:\users\axiom\desktop\nightmaresurvival(final)\nightmaresurvival\debug\spawn.obj
c:\users\axiom\desktop\nightmaresurvival(final)\nightmaresurvival\debug\calculatemove.obj
c:\users\axiom\desktop\nightmaresurvival(final)\nightmaresurvival\debug\main.obj
c:\users\axiom\desktop\nightmaresurvival(final)\nightmaresurvival\debug\objectpool.obj
c:\users\axiom\desktop\nightmaresurvival(final)\nightmaresurvival\debug\pistolbullet.obj
c:\users\axiom\desktop\nightmaresurvival(final)\nightmaresurvival\debug\player.obj
c:\users\axiom\desktop\nightmaresurvival(final)\nightmaresurvival\debug\rocket.obj
c:\users\axiom\desktop\nightmaresurvival(final)\nightmaresurvival\debug\shotgunbullet.obj
c:\users\axiom\desktop\nightmaresurvival(final)\nightmaresurvival\debug\skeleton.obj
c:\users\axiom\desktop\nightmaresurvival(final)\nightmaresurvival\debug\border.obj
c:\users\axiom\desktop\nightmaresurvival(final)\nightmaresurvival\debug\dots.obj
c:\users\axiom\desktop\nightmaresurvival(final)\nightmaresurvival\debug\upgradefactory.obj
c:\users\axiom\desktop\nightmaresurvival(final)\nightmaresurvival\debug\vampire.obj
c:\users\axiom\desktop\nightmaresurvival(final)\nightmaresurvival\debug\vendor.obj
c:\users\axiom\desktop\nightmaresurvival(final)\nightmaresurvival\debug\wallet.obj
c:\users\axiom\desktop\nightmaresurvival(final)\nightmaresurvival\debug\walletmediator.obj
c:\users\axiom\desktop\nightmaresurvival(final)\nightmaresurvival\debug\wavemanager.obj
c:\users\axiom\desktop\nightmaresurvival(final)\nightmaresurvival\debug\weaponsfactory.obj
c:\users\axiom\desktop\nightmaresurvival(final)\nightmaresurvival\debug\world.obj
c:\users\axiom\desktop\nightmaresurvival(final)\nightmaresurvival\debug\bordermanagement.obj
c:\users\axiom\desktop\nightmaresurvival(final)\nightmaresurvival\debug\boss.obj
c:\users\axiom\desktop\nightmaresurvival(final)\nightmaresurvival\debug\bulletalgorithm.obj
c:\users\axiom\desktop\nightmaresurvival(final)\nightmaresurvival\debug\bullets.obj
c:\users\axiom\desktop\nightmaresurvival(final)\nightmaresurvival\debug\currentwave.obj
c:\users\axiom\desktop\nightmaresurvival(final)\nightmaresurvival\debug\cycleweapons.obj
c:\users\axiom\desktop\nightmaresurvival(final)\nightmaresurvival\debug\demon.obj
c:\users\axiom\desktop\nightmaresurvival(final)\nightmaresurvival\debug\enemies.obj
c:\users\axiom\desktop\nightmaresurvival(final)\nightmaresurvival\debug\enemymanagement.obj
c:\users\axiom\desktop\nightmaresurvival(final)\nightmaresurvival\debug\finalwave.obj
c:\users\axiom\desktop\nightmaresurvival(final)\nightmaresurvival\debug\itemsfactory.obj
c:\users\axiom\desktop\nightmaresurvival(final)\nightmaresurvival\debug\mediator.obj
c:\users\axiom\desktop\nightmaresurvival(final)\debug\nightmaresurvival.ilk
c:\users\axiom\desktop\nightmaresurvival(final)\debug\nightmaresurvival.exe
c:\users\axiom\desktop\nightmaresurvival(final)\debug\nightmaresurvival.pdb
c:\users\axiom\desktop\nightmaresurvival(final)\nightmaresurvival\debug\nightmar.57be991f.tlog\cl.command.1.tlog
c:\users\axiom\desktop\nightmaresurvival(final)\nightmaresurvival\debug\nightmar.57be991f.tlog\cl.read.1.tlog
c:\users\axiom\desktop\nightmaresurvival(final)\nightmaresurvival\debug\nightmar.57be991f.tlog\cl.write.1.tlog
c:\users\axiom\desktop\nightmaresurvival(final)\nightmaresurvival\debug\nightmar.57be991f.tlog\link.command.1.tlog
c:\users\axiom\desktop\nightmaresurvival(final)\nightmaresurvival\debug\nightmar.57be991f.tlog\link.read.1.tlog
c:\users\axiom\desktop\nightmaresurvival(final)\nightmaresurvival\debug\nightmar.57be991f.tlog\link.write.1.tlog
